<?xml version="1.0" encoding="UTF-8"?>
<testng-results ignored="0" total="2" passed="2" failed="0" skipped="0">
  <reporter-output>
  </reporter-output>
  <suite started-at="2023-03-21T11:33:35Z" name="Suite" finished-at="2023-03-21T11:33:53Z" duration-ms="18082">
    <groups>
    </groups>
    <test started-at="2023-03-21T11:33:35Z" name="Exceldata" finished-at="2023-03-21T11:33:53Z" duration-ms="18082">
      <class name="FrameworksNG.LearnDataProvider">
        <test-method signature="letCodelogin([Ljava.lang.String;)[pri:0, instance:FrameworksNG.LearnDataProvider@5d066c7d]" started-at="2023-03-21T11:33:36Z" name="letCodelogin" data-provider="getData" finished-at="2023-03-21T11:33:45Z" duration-ms="8898" status="PASS">
          <params>
            <param index="0">
              <value>
                <![CDATA[[Ljava.lang.String;@d59970a]]>
              </value>
            </param>
          </params>
          <reporter-output>
          </reporter-output>
        </test-method> <!-- letCodelogin -->
        <test-method signature="letCodelogin([Ljava.lang.String;)[pri:0, instance:FrameworksNG.LearnDataProvider@5d066c7d]" started-at="2023-03-21T11:33:36Z" name="letCodelogin" data-provider="getData" finished-at="2023-03-21T11:33:53Z" duration-ms="17036" status="PASS">
          <params>
            <param index="0">
              <value>
                <![CDATA[[Ljava.lang.String;@1e411d81]]>
              </value>
            </param>
          </params>
          <reporter-output>
          </reporter-output>
        </test-method> <!-- letCodelogin -->
      </class> <!-- FrameworksNG.LearnDataProvider -->
    </test> <!-- Exceldata -->
  </suite> <!-- Suite -->
</testng-results>
